<?xml version="1.0" encoding="UTF-8"?>
<testng-results skipped="0" failed="0" total="1" passed="1">
  <reporter-output>
  </reporter-output>
  <suite name="Default suite" duration-ms="9201" started-at="2019-05-29T05:00:26Z" finished-at="2019-05-29T05:00:35Z">
    <groups>
    </groups>
    <test name="Default test" duration-ms="9201" started-at="2019-05-29T05:00:26Z" finished-at="2019-05-29T05:00:35Z">
      <class name="AssertionExample">
        <test-method status="PASS" signature="start()[pri:0, instance:AssertionExample@6193932a]" name="start" duration-ms="9182" started-at="2019-05-29T10:30:26Z" finished-at="2019-05-29T10:30:35Z">
          <reporter-output>
          </reporter-output>
        </test-method> <!-- start -->
      </class> <!-- AssertionExample -->
    </test> <!-- Default test -->
  </suite> <!-- Default suite -->
</testng-results>
